<?xml version="1.0" encoding="UTF-8"?>
<testng-results ignored="0" total="1" passed="1" failed="0" skipped="0">
  <reporter-output>
  </reporter-output>
  <suite started-at="2023-05-02T11:17:54 IST" name="Default suite" finished-at="2023-05-02T11:18:32 IST" duration-ms="37685">
    <groups>
    </groups>
    <test started-at="2023-05-02T11:17:54 IST" name="Default test" finished-at="2023-05-02T11:18:32 IST" duration-ms="37685">
      <class name="com.test2.NewTest5">
        <test-method signature="Task1()[pri:0, instance:com.test2.NewTest5@5b8dfcc1]" started-at="2023-05-02T11:17:54 IST" name="Task1" finished-at="2023-05-02T11:18:32 IST" duration-ms="37572" status="PASS">
          <reporter-output>
          </reporter-output>
        </test-method> <!-- Task1 -->
      </class> <!-- com.test2.NewTest5 -->
    </test> <!-- Default test -->
  </suite> <!-- Default suite -->
</testng-results>
